2025-08-16T16:11:29.604Z [INFO]: Streaming service running on port 3001 
2025-08-16T16:11:29.615Z [INFO]: Redis service connected 
2025-08-16T16:11:29.615Z [INFO]: Market data service started 
2025-08-16T16:11:29.639Z [WARN]: Backend API unavailable for NIFTY, using fallback 
2025-08-16T16:11:29.640Z [WARN]: Technical analysis unavailable for NIFTY 
2025-08-16T16:11:29.640Z [WARN]: Sentiment analysis unavailable for NIFTY 
2025-08-16T16:11:29.641Z [WARN]: Backend API unavailable for SENSEX, using fallback 
2025-08-16T16:11:29.642Z [WARN]: Technical analysis unavailable for SENSEX 
2025-08-16T16:11:29.642Z [WARN]: Sentiment analysis unavailable for SENSEX 
2025-08-16T16:11:29.643Z [WARN]: Backend API unavailable for BANKNIFTY, using fallback 
2025-08-16T16:11:29.643Z [WARN]: Technical analysis unavailable for BANKNIFTY 
2025-08-16T16:11:29.644Z [WARN]: Sentiment analysis unavailable for BANKNIFTY 
2025-08-16T16:11:29.646Z [INFO]: Market data service started 
2025-08-16T16:11:29.646Z [INFO]: WebSocket service started 
2025-08-16T16:11:29.646Z [INFO]: WebSocket service started 
2025-08-16T16:11:29.649Z [INFO]: Scheduled data updates enabled (every 5 seconds) 
2025-08-16T16:11:29.651Z [INFO]: Subscribed to Redis market_updates channel 
2025-08-16T16:11:30.655Z [WARN]: Backend API unavailable for NIFTY, using fallback 
2025-08-16T16:11:30.655Z [WARN]: Technical analysis unavailable for NIFTY 
2025-08-16T16:11:30.656Z [WARN]: Sentiment analysis unavailable for NIFTY 
2025-08-16T16:11:30.656Z [WARN]: Backend API unavailable for SENSEX, using fallback 
2025-08-16T16:11:30.656Z [WARN]: Technical analysis unavailable for SENSEX 
2025-08-16T16:11:30.657Z [WARN]: Sentiment analysis unavailable for SENSEX 
2025-08-16T16:11:30.657Z [WARN]: Backend API unavailable for BANKNIFTY, using fallback 
2025-08-16T16:11:30.657Z [WARN]: Technical analysis unavailable for BANKNIFTY 
2025-08-16T16:11:30.658Z [WARN]: Sentiment analysis unavailable for BANKNIFTY 
2025-08-16T16:11:35.661Z [WARN]: Backend API unavailable for NIFTY, using fallback 
2025-08-16T16:11:35.661Z [WARN]: Technical analysis unavailable for NIFTY 
2025-08-16T16:11:35.662Z [WARN]: Sentiment analysis unavailable for NIFTY 
2025-08-16T16:11:35.662Z [WARN]: Backend API unavailable for SENSEX, using fallback 
2025-08-16T16:11:35.662Z [WARN]: Technical analysis unavailable for SENSEX 
2025-08-16T16:11:35.663Z [WARN]: Sentiment analysis unavailable for SENSEX 
2025-08-16T16:11:35.663Z [WARN]: Backend API unavailable for BANKNIFTY, using fallback 
2025-08-16T16:11:35.664Z [WARN]: Technical analysis unavailable for BANKNIFTY 
2025-08-16T16:11:35.664Z [WARN]: Sentiment analysis unavailable for BANKNIFTY 
2025-08-16T16:11:40.666Z [WARN]: Backend API unavailable for NIFTY, using fallback 
2025-08-16T16:11:40.666Z [WARN]: Technical analysis unavailable for NIFTY 
2025-08-16T16:11:40.667Z [WARN]: Sentiment analysis unavailable for NIFTY 
2025-08-16T16:11:40.667Z [WARN]: Backend API unavailable for SENSEX, using fallback 
2025-08-16T16:11:40.667Z [WARN]: Technical analysis unavailable for SENSEX 
2025-08-16T16:11:40.668Z [WARN]: Sentiment analysis unavailable for SENSEX 
2025-08-16T16:11:40.668Z [WARN]: Backend API unavailable for BANKNIFTY, using fallback 
2025-08-16T16:11:40.668Z [WARN]: Technical analysis unavailable for BANKNIFTY 
2025-08-16T16:11:40.669Z [WARN]: Sentiment analysis unavailable for BANKNIFTY 
2025-08-16T16:11:45.674Z [WARN]: Backend API unavailable for NIFTY, using fallback 
2025-08-16T16:11:45.675Z [WARN]: Technical analysis unavailable for NIFTY 
2025-08-16T16:11:45.675Z [WARN]: Sentiment analysis unavailable for NIFTY 
2025-08-16T16:11:45.676Z [WARN]: Backend API unavailable for SENSEX, using fallback 
2025-08-16T16:11:45.676Z [WARN]: Technical analysis unavailable for SENSEX 
2025-08-16T16:11:45.676Z [WARN]: Sentiment analysis unavailable for SENSEX 
2025-08-16T16:11:45.677Z [WARN]: Backend API unavailable for BANKNIFTY, using fallback 
2025-08-16T16:11:45.677Z [WARN]: Technical analysis unavailable for BANKNIFTY 
2025-08-16T16:11:45.677Z [WARN]: Sentiment analysis unavailable for BANKNIFTY 
2025-08-16T16:11:50.681Z [WARN]: Backend API unavailable for NIFTY, using fallback 
2025-08-16T16:11:50.682Z [WARN]: Technical analysis unavailable for NIFTY 
2025-08-16T16:11:50.682Z [WARN]: Sentiment analysis unavailable for NIFTY 
2025-08-16T16:11:50.682Z [WARN]: Backend API unavailable for SENSEX, using fallback 
2025-08-16T16:11:50.683Z [WARN]: Technical analysis unavailable for SENSEX 
2025-08-16T16:11:50.683Z [WARN]: Sentiment analysis unavailable for SENSEX 
2025-08-16T16:11:50.683Z [WARN]: Backend API unavailable for BANKNIFTY, using fallback 
2025-08-16T16:11:50.684Z [WARN]: Technical analysis unavailable for BANKNIFTY 
2025-08-16T16:11:50.684Z [WARN]: Sentiment analysis unavailable for BANKNIFTY 
2025-08-16T16:11:55.688Z [WARN]: Backend API unavailable for NIFTY, using fallback 
2025-08-16T16:11:55.689Z [WARN]: Technical analysis unavailable for NIFTY 
2025-08-16T16:11:55.689Z [WARN]: Sentiment analysis unavailable for NIFTY 
2025-08-16T16:11:55.689Z [WARN]: Backend API unavailable for SENSEX, using fallback 
2025-08-16T16:11:55.690Z [WARN]: Technical analysis unavailable for SENSEX 
2025-08-16T16:11:55.690Z [WARN]: Sentiment analysis unavailable for SENSEX 
2025-08-16T16:11:55.690Z [WARN]: Backend API unavailable for BANKNIFTY, using fallback 
2025-08-16T16:11:55.691Z [WARN]: Technical analysis unavailable for BANKNIFTY 
2025-08-16T16:11:55.691Z [WARN]: Sentiment analysis unavailable for BANKNIFTY 
2025-08-16T16:12:00.694Z [WARN]: Backend API unavailable for NIFTY, using fallback 
2025-08-16T16:12:00.695Z [WARN]: Technical analysis unavailable for NIFTY 
2025-08-16T16:12:00.695Z [WARN]: Sentiment analysis unavailable for NIFTY 
2025-08-16T16:12:00.695Z [WARN]: Backend API unavailable for SENSEX, using fallback 
2025-08-16T16:12:00.696Z [WARN]: Technical analysis unavailable for SENSEX 
2025-08-16T16:12:00.696Z [WARN]: Sentiment analysis unavailable for SENSEX 
2025-08-16T16:12:00.696Z [WARN]: Backend API unavailable for BANKNIFTY, using fallback 
2025-08-16T16:12:00.697Z [WARN]: Technical analysis unavailable for BANKNIFTY 
2025-08-16T16:12:00.697Z [WARN]: Sentiment analysis unavailable for BANKNIFTY 
2025-08-16T16:12:05.701Z [WARN]: Backend API unavailable for NIFTY, using fallback 
2025-08-16T16:12:05.701Z [WARN]: Technical analysis unavailable for NIFTY 
2025-08-16T16:12:05.702Z [WARN]: Sentiment analysis unavailable for NIFTY 
2025-08-16T16:12:05.702Z [WARN]: Backend API unavailable for SENSEX, using fallback 
2025-08-16T16:12:05.703Z [WARN]: Technical analysis unavailable for SENSEX 
2025-08-16T16:12:05.703Z [WARN]: Sentiment analysis unavailable for SENSEX 
2025-08-16T16:12:05.703Z [WARN]: Backend API unavailable for BANKNIFTY, using fallback 
2025-08-16T16:12:05.704Z [WARN]: Technical analysis unavailable for BANKNIFTY 
2025-08-16T16:12:05.704Z [WARN]: Sentiment analysis unavailable for BANKNIFTY 
2025-08-16T16:12:10.708Z [WARN]: Backend API unavailable for NIFTY, using fallback 
2025-08-16T16:12:10.709Z [WARN]: Technical analysis unavailable for NIFTY 
2025-08-16T16:12:10.709Z [WARN]: Sentiment analysis unavailable for NIFTY 
2025-08-16T16:12:10.709Z [WARN]: Backend API unavailable for SENSEX, using fallback 
2025-08-16T16:12:10.709Z [WARN]: Technical analysis unavailable for SENSEX 
2025-08-16T16:12:10.710Z [WARN]: Sentiment analysis unavailable for SENSEX 
2025-08-16T16:12:10.710Z [WARN]: Backend API unavailable for BANKNIFTY, using fallback 
2025-08-16T16:12:10.710Z [WARN]: Technical analysis unavailable for BANKNIFTY 
2025-08-16T16:12:10.710Z [WARN]: Sentiment analysis unavailable for BANKNIFTY 
2025-08-16T16:12:15.716Z [WARN]: Backend API unavailable for NIFTY, using fallback 
2025-08-16T16:12:15.716Z [WARN]: Technical analysis unavailable for NIFTY 
2025-08-16T16:12:15.717Z [WARN]: Sentiment analysis unavailable for NIFTY 
2025-08-16T16:12:15.717Z [WARN]: Backend API unavailable for SENSEX, using fallback 
2025-08-16T16:12:15.717Z [WARN]: Technical analysis unavailable for SENSEX 
2025-08-16T16:12:15.717Z [WARN]: Sentiment analysis unavailable for SENSEX 
2025-08-16T16:12:15.718Z [WARN]: Backend API unavailable for BANKNIFTY, using fallback 
2025-08-16T16:12:15.718Z [WARN]: Technical analysis unavailable for BANKNIFTY 
2025-08-16T16:12:15.718Z [WARN]: Sentiment analysis unavailable for BANKNIFTY 
2025-08-16T16:12:20.723Z [WARN]: Backend API unavailable for NIFTY, using fallback 
2025-08-16T16:12:20.723Z [WARN]: Technical analysis unavailable for NIFTY 
2025-08-16T16:12:20.723Z [WARN]: Sentiment analysis unavailable for NIFTY 
2025-08-16T16:12:20.724Z [WARN]: Backend API unavailable for SENSEX, using fallback 
2025-08-16T16:12:20.724Z [WARN]: Technical analysis unavailable for SENSEX 
2025-08-16T16:12:20.724Z [WARN]: Sentiment analysis unavailable for SENSEX 
2025-08-16T16:12:20.725Z [WARN]: Backend API unavailable for BANKNIFTY, using fallback 
2025-08-16T16:12:20.725Z [WARN]: Technical analysis unavailable for BANKNIFTY 
2025-08-16T16:12:20.725Z [WARN]: Sentiment analysis unavailable for BANKNIFTY 
2025-08-16T16:12:25.730Z [WARN]: Backend API unavailable for NIFTY, using fallback 
2025-08-16T16:12:25.730Z [WARN]: Technical analysis unavailable for NIFTY 
2025-08-16T16:12:25.730Z [WARN]: Sentiment analysis unavailable for NIFTY 
2025-08-16T16:12:25.731Z [WARN]: Backend API unavailable for SENSEX, using fallback 
2025-08-16T16:12:25.731Z [WARN]: Technical analysis unavailable for SENSEX 
2025-08-16T16:12:25.731Z [WARN]: Sentiment analysis unavailable for SENSEX 
2025-08-16T16:12:25.732Z [WARN]: Backend API unavailable for BANKNIFTY, using fallback 
2025-08-16T16:12:25.732Z [WARN]: Technical analysis unavailable for BANKNIFTY 
2025-08-16T16:12:25.732Z [WARN]: Sentiment analysis unavailable for BANKNIFTY 
2025-08-16T16:12:30.736Z [WARN]: Backend API unavailable for NIFTY, using fallback 
2025-08-16T16:12:30.737Z [WARN]: Technical analysis unavailable for NIFTY 
2025-08-16T16:12:30.737Z [WARN]: Sentiment analysis unavailable for NIFTY 
2025-08-16T16:12:30.738Z [WARN]: Backend API unavailable for SENSEX, using fallback 
2025-08-16T16:12:30.738Z [WARN]: Technical analysis unavailable for SENSEX 
2025-08-16T16:12:30.738Z [WARN]: Sentiment analysis unavailable for SENSEX 
2025-08-16T16:12:30.738Z [WARN]: Backend API unavailable for BANKNIFTY, using fallback 
2025-08-16T16:12:30.739Z [WARN]: Technical analysis unavailable for BANKNIFTY 
2025-08-16T16:12:30.739Z [WARN]: Sentiment analysis unavailable for BANKNIFTY 
2025-08-16T16:12:35.744Z [WARN]: Backend API unavailable for NIFTY, using fallback 
2025-08-16T16:12:35.744Z [WARN]: Technical analysis unavailable for NIFTY 
2025-08-16T16:12:35.744Z [WARN]: Sentiment analysis unavailable for NIFTY 
2025-08-16T16:12:35.745Z [WARN]: Backend API unavailable for SENSEX, using fallback 
2025-08-16T16:12:35.745Z [WARN]: Technical analysis unavailable for SENSEX 
2025-08-16T16:12:35.745Z [WARN]: Sentiment analysis unavailable for SENSEX 
2025-08-16T16:12:35.746Z [WARN]: Backend API unavailable for BANKNIFTY, using fallback 
2025-08-16T16:12:35.746Z [WARN]: Technical analysis unavailable for BANKNIFTY 
2025-08-16T16:12:35.746Z [WARN]: Sentiment analysis unavailable for BANKNIFTY 
2025-08-16T16:12:40.750Z [WARN]: Backend API unavailable for NIFTY, using fallback 
2025-08-16T16:12:40.750Z [WARN]: Technical analysis unavailable for NIFTY 
2025-08-16T16:12:40.751Z [WARN]: Sentiment analysis unavailable for NIFTY 
2025-08-16T16:12:40.751Z [WARN]: Backend API unavailable for SENSEX, using fallback 
2025-08-16T16:12:40.751Z [WARN]: Technical analysis unavailable for SENSEX 
2025-08-16T16:12:40.752Z [WARN]: Sentiment analysis unavailable for SENSEX 
2025-08-16T16:12:40.752Z [WARN]: Backend API unavailable for BANKNIFTY, using fallback 
2025-08-16T16:12:40.753Z [WARN]: Technical analysis unavailable for BANKNIFTY 
2025-08-16T16:12:40.753Z [WARN]: Sentiment analysis unavailable for BANKNIFTY 
2025-08-16T16:12:44.095Z [INFO]: Received SIGINT, shutting down gracefully 
2025-08-16T18:13:22.488Z [INFO]: Streaming service running on port 3001 
2025-08-16T18:13:22.506Z [INFO]: Redis service connected 
2025-08-16T18:13:22.506Z [INFO]: Market data service started 
2025-08-16T18:13:22.531Z [WARN]: Backend API unavailable for NIFTY, using fallback 
2025-08-16T18:13:22.532Z [WARN]: Technical analysis unavailable for NIFTY 
2025-08-16T18:13:22.533Z [WARN]: Sentiment analysis unavailable for NIFTY 
2025-08-16T18:13:22.534Z [WARN]: Backend API unavailable for SENSEX, using fallback 
2025-08-16T18:13:22.534Z [WARN]: Technical analysis unavailable for SENSEX 
2025-08-16T18:13:22.535Z [WARN]: Sentiment analysis unavailable for SENSEX 
2025-08-16T18:13:22.536Z [WARN]: Backend API unavailable for BANKNIFTY, using fallback 
2025-08-16T18:13:22.536Z [WARN]: Technical analysis unavailable for BANKNIFTY 
2025-08-16T18:13:22.537Z [WARN]: Sentiment analysis unavailable for BANKNIFTY 
2025-08-16T18:13:22.567Z [INFO]: Market data service started 
2025-08-16T18:13:22.567Z [INFO]: WebSocket service started 
2025-08-16T18:13:22.568Z [INFO]: WebSocket service started 
2025-08-16T18:13:22.573Z [INFO]: Scheduled data updates enabled (every 5 seconds) 
2025-08-16T18:13:22.575Z [INFO]: Subscribed to Redis market_updates channel 
2025-08-16T18:13:25.580Z [WARN]: Backend API unavailable for NIFTY, using fallback 
2025-08-16T18:13:25.581Z [WARN]: Technical analysis unavailable for NIFTY 
2025-08-16T18:13:25.581Z [WARN]: Sentiment analysis unavailable for NIFTY 
2025-08-16T18:13:25.582Z [WARN]: Backend API unavailable for SENSEX, using fallback 
2025-08-16T18:13:25.582Z [WARN]: Technical analysis unavailable for SENSEX 
2025-08-16T18:13:25.582Z [WARN]: Sentiment analysis unavailable for SENSEX 
2025-08-16T18:13:25.583Z [WARN]: Backend API unavailable for BANKNIFTY, using fallback 
2025-08-16T18:13:25.583Z [WARN]: Technical analysis unavailable for BANKNIFTY 
2025-08-16T18:13:25.583Z [WARN]: Sentiment analysis unavailable for BANKNIFTY 
2025-08-16T18:13:31.778Z [WARN]: Technical analysis unavailable for BANKNIFTY 
2025-08-16T18:13:31.779Z [WARN]: Technical analysis unavailable for SENSEX 
2025-08-16T18:13:31.781Z [WARN]: Technical analysis unavailable for NIFTY 
2025-08-16T18:13:35.858Z [WARN]: Technical analysis unavailable for BANKNIFTY 
2025-08-16T18:13:35.859Z [WARN]: Technical analysis unavailable for NIFTY 
2025-08-16T18:13:35.859Z [WARN]: Technical analysis unavailable for SENSEX 
2025-08-16T18:13:40.812Z [WARN]: Technical analysis unavailable for NIFTY 
2025-08-16T18:13:40.813Z [WARN]: Technical analysis unavailable for BANKNIFTY 
2025-08-16T18:13:40.813Z [WARN]: Technical analysis unavailable for SENSEX 
2025-08-16T18:13:46.051Z [WARN]: Technical analysis unavailable for SENSEX 
2025-08-16T18:13:46.052Z [WARN]: Technical analysis unavailable for BANKNIFTY 
2025-08-16T18:13:46.053Z [WARN]: Technical analysis unavailable for NIFTY 
2025-08-16T18:13:50.844Z [WARN]: Technical analysis unavailable for SENSEX 
2025-08-16T18:13:50.845Z [WARN]: Technical analysis unavailable for BANKNIFTY 
2025-08-16T18:13:50.846Z [WARN]: Technical analysis unavailable for NIFTY 
2025-08-16T18:13:55.835Z [WARN]: Technical analysis unavailable for BANKNIFTY 
2025-08-16T18:13:55.835Z [WARN]: Technical analysis unavailable for SENSEX 
2025-08-16T18:13:55.837Z [WARN]: Technical analysis unavailable for NIFTY 
2025-08-16T18:14:01.081Z [WARN]: Technical analysis unavailable for NIFTY 
2025-08-16T18:14:01.082Z [WARN]: Technical analysis unavailable for BANKNIFTY 
2025-08-16T18:14:01.083Z [WARN]: Technical analysis unavailable for SENSEX 
2025-08-16T18:14:05.845Z [WARN]: Technical analysis unavailable for BANKNIFTY 
2025-08-16T18:14:05.846Z [WARN]: Technical analysis unavailable for NIFTY 
2025-08-16T18:14:05.849Z [WARN]: Technical analysis unavailable for SENSEX 
2025-08-16T18:14:10.916Z [WARN]: Technical analysis unavailable for BANKNIFTY 
2025-08-16T18:14:10.917Z [WARN]: Technical analysis unavailable for SENSEX 
2025-08-16T18:14:10.918Z [WARN]: Technical analysis unavailable for NIFTY 
2025-08-16T18:14:16.028Z [WARN]: Technical analysis unavailable for BANKNIFTY 
2025-08-16T18:14:16.029Z [WARN]: Technical analysis unavailable for NIFTY 
2025-08-16T18:14:16.029Z [WARN]: Technical analysis unavailable for SENSEX 
2025-08-16T18:14:20.870Z [WARN]: Technical analysis unavailable for SENSEX 
2025-08-16T18:14:20.871Z [WARN]: Technical analysis unavailable for BANKNIFTY 
2025-08-16T18:14:20.872Z [WARN]: Technical analysis unavailable for NIFTY 
2025-08-16T18:14:25.922Z [WARN]: Technical analysis unavailable for NIFTY 
2025-08-16T18:14:25.923Z [WARN]: Technical analysis unavailable for SENSEX 
2025-08-16T18:14:25.923Z [WARN]: Technical analysis unavailable for BANKNIFTY 
2025-08-16T18:14:31.130Z [WARN]: Technical analysis unavailable for NIFTY 
2025-08-16T18:14:31.132Z [WARN]: Technical analysis unavailable for BANKNIFTY 
2025-08-16T18:14:31.132Z [WARN]: Technical analysis unavailable for SENSEX 
2025-08-16T18:14:35.892Z [WARN]: Technical analysis unavailable for NIFTY 
2025-08-16T18:14:35.894Z [WARN]: Technical analysis unavailable for BANKNIFTY 
2025-08-16T18:14:35.894Z [WARN]: Technical analysis unavailable for SENSEX 
2025-08-16T18:14:40.976Z [WARN]: Technical analysis unavailable for NIFTY 
2025-08-16T18:14:40.977Z [WARN]: Technical analysis unavailable for SENSEX 
2025-08-16T18:14:40.978Z [WARN]: Technical analysis unavailable for BANKNIFTY 
2025-08-16T18:14:46.061Z [WARN]: Technical analysis unavailable for BANKNIFTY 
2025-08-16T18:14:46.062Z [WARN]: Technical analysis unavailable for NIFTY 
2025-08-16T18:14:46.063Z [WARN]: Technical analysis unavailable for SENSEX 
2025-08-16T18:14:50.906Z [WARN]: Technical analysis unavailable for BANKNIFTY 
2025-08-16T18:14:50.907Z [WARN]: Technical analysis unavailable for NIFTY 
2025-08-16T18:14:50.908Z [WARN]: Technical analysis unavailable for SENSEX 
2025-08-16T18:14:55.973Z [WARN]: Technical analysis unavailable for BANKNIFTY 
2025-08-16T18:14:55.974Z [WARN]: Technical analysis unavailable for SENSEX 
2025-08-16T18:14:55.974Z [WARN]: Technical analysis unavailable for NIFTY 
2025-08-16T18:15:01.057Z [WARN]: Technical analysis unavailable for SENSEX 
2025-08-16T18:15:01.058Z [WARN]: Technical analysis unavailable for NIFTY 
2025-08-16T18:15:01.059Z [WARN]: Technical analysis unavailable for BANKNIFTY 
2025-08-16T18:15:05.918Z [WARN]: Technical analysis unavailable for BANKNIFTY 
2025-08-16T18:15:05.919Z [WARN]: Technical analysis unavailable for SENSEX 
2025-08-16T18:15:05.920Z [WARN]: Technical analysis unavailable for NIFTY 
2025-08-16T18:15:11.012Z [WARN]: Technical analysis unavailable for NIFTY 
2025-08-16T18:15:11.013Z [WARN]: Technical analysis unavailable for BANKNIFTY 
2025-08-16T18:15:11.014Z [WARN]: Technical analysis unavailable for SENSEX 
2025-08-16T18:15:16.079Z [WARN]: Technical analysis unavailable for NIFTY 
2025-08-16T18:15:16.080Z [WARN]: Technical analysis unavailable for BANKNIFTY 
2025-08-16T18:15:16.081Z [WARN]: Technical analysis unavailable for SENSEX 
2025-08-16T18:15:20.944Z [WARN]: Technical analysis unavailable for BANKNIFTY 
2025-08-16T18:15:20.945Z [WARN]: Technical analysis unavailable for NIFTY 
2025-08-16T18:15:20.945Z [WARN]: Technical analysis unavailable for SENSEX 
2025-08-16T18:15:26.016Z [WARN]: Technical analysis unavailable for BANKNIFTY 
2025-08-16T18:15:26.017Z [WARN]: Technical analysis unavailable for NIFTY 
2025-08-16T18:15:26.018Z [WARN]: Technical analysis unavailable for SENSEX 
2025-08-16T18:15:31.121Z [WARN]: Technical analysis unavailable for NIFTY 
2025-08-16T18:15:31.123Z [WARN]: Technical analysis unavailable for BANKNIFTY 
2025-08-16T18:15:31.124Z [WARN]: Technical analysis unavailable for SENSEX 
2025-08-16T18:15:36.061Z [WARN]: Technical analysis unavailable for SENSEX 
2025-08-16T18:15:36.062Z [WARN]: Technical analysis unavailable for NIFTY 
2025-08-16T18:15:36.063Z [WARN]: Technical analysis unavailable for BANKNIFTY 
2025-08-16T18:15:41.040Z [WARN]: Technical analysis unavailable for SENSEX 
2025-08-16T18:15:41.041Z [WARN]: Technical analysis unavailable for BANKNIFTY 
2025-08-16T18:15:41.043Z [WARN]: Technical analysis unavailable for NIFTY 
2025-08-16T18:15:46.122Z [WARN]: Technical analysis unavailable for BANKNIFTY 
2025-08-16T18:15:46.123Z [WARN]: Technical analysis unavailable for NIFTY 
2025-08-16T18:15:46.124Z [WARN]: Technical analysis unavailable for SENSEX 
2025-08-16T18:15:51.004Z [WARN]: Technical analysis unavailable for NIFTY 
2025-08-16T18:15:51.004Z [WARN]: Technical analysis unavailable for SENSEX 
2025-08-16T18:15:51.006Z [WARN]: Technical analysis unavailable for BANKNIFTY 
2025-08-16T18:15:56.143Z [WARN]: Technical analysis unavailable for BANKNIFTY 
2025-08-16T18:15:56.144Z [WARN]: Technical analysis unavailable for SENSEX 
2025-08-16T18:15:56.145Z [WARN]: Technical analysis unavailable for NIFTY 
2025-08-16T18:16:01.070Z [WARN]: Technical analysis unavailable for NIFTY 
2025-08-16T18:16:01.071Z [WARN]: Technical analysis unavailable for SENSEX 
2025-08-16T18:16:01.072Z [WARN]: Technical analysis unavailable for BANKNIFTY 
2025-08-16T18:16:05.994Z [WARN]: Technical analysis unavailable for BANKNIFTY 
2025-08-16T18:16:05.994Z [WARN]: Technical analysis unavailable for SENSEX 
2025-08-16T18:16:05.995Z [WARN]: Technical analysis unavailable for NIFTY 
2025-08-16T18:16:11.206Z [WARN]: Technical analysis unavailable for SENSEX 
2025-08-16T18:16:11.206Z [WARN]: Technical analysis unavailable for NIFTY 
2025-08-16T18:16:11.207Z [WARN]: Technical analysis unavailable for BANKNIFTY 
2025-08-16T18:16:16.111Z [WARN]: Technical analysis unavailable for NIFTY 
2025-08-16T18:16:16.112Z [WARN]: Technical analysis unavailable for BANKNIFTY 
2025-08-16T18:16:16.113Z [WARN]: Technical analysis unavailable for SENSEX 
2025-08-16T18:16:21.010Z [WARN]: Technical analysis unavailable for BANKNIFTY 
2025-08-16T18:16:21.011Z [WARN]: Technical analysis unavailable for SENSEX 
2025-08-16T18:16:21.012Z [WARN]: Technical analysis unavailable for NIFTY 
2025-08-16T18:16:26.199Z [WARN]: Technical analysis unavailable for SENSEX 
2025-08-16T18:16:26.200Z [WARN]: Technical analysis unavailable for NIFTY 
2025-08-16T18:16:26.200Z [WARN]: Technical analysis unavailable for BANKNIFTY 
2025-08-16T18:16:31.119Z [WARN]: Technical analysis unavailable for NIFTY 
2025-08-16T18:16:31.120Z [WARN]: Technical analysis unavailable for SENSEX 
2025-08-16T18:16:31.121Z [WARN]: Technical analysis unavailable for BANKNIFTY 
2025-08-16T18:16:36.862Z [WARN]: Technical analysis unavailable for NIFTY 
2025-08-16T18:16:36.863Z [WARN]: Technical analysis unavailable for BANKNIFTY 
2025-08-16T18:16:36.864Z [WARN]: Technical analysis unavailable for SENSEX 
2025-08-16T18:16:41.142Z [WARN]: Technical analysis unavailable for NIFTY 
2025-08-16T18:16:41.142Z [WARN]: Technical analysis unavailable for SENSEX 
2025-08-16T18:16:41.143Z [WARN]: Technical analysis unavailable for BANKNIFTY 
2025-08-16T18:16:46.130Z [WARN]: Technical analysis unavailable for BANKNIFTY 
2025-08-16T18:16:46.131Z [WARN]: Technical analysis unavailable for SENSEX 
2025-08-16T18:16:46.131Z [WARN]: Technical analysis unavailable for NIFTY 
2025-08-16T18:16:51.158Z [WARN]: Technical analysis unavailable for SENSEX 
2025-08-16T18:16:51.159Z [WARN]: Technical analysis unavailable for BANKNIFTY 
2025-08-16T18:16:51.159Z [WARN]: Technical analysis unavailable for NIFTY 
2025-08-16T18:16:56.090Z [WARN]: Technical analysis unavailable for NIFTY 
2025-08-16T18:16:56.091Z [WARN]: Technical analysis unavailable for BANKNIFTY 
2025-08-16T18:16:56.091Z [WARN]: Technical analysis unavailable for SENSEX 
2025-08-16T18:17:01.199Z [WARN]: Technical analysis unavailable for BANKNIFTY 
2025-08-16T18:17:01.200Z [WARN]: Technical analysis unavailable for SENSEX 
2025-08-16T18:17:01.201Z [WARN]: Technical analysis unavailable for NIFTY 
2025-08-16T18:17:06.167Z [WARN]: Technical analysis unavailable for BANKNIFTY 
2025-08-16T18:17:06.168Z [WARN]: Technical analysis unavailable for NIFTY 
2025-08-16T18:17:06.168Z [WARN]: Technical analysis unavailable for SENSEX 
2025-08-16T18:17:11.119Z [WARN]: Technical analysis unavailable for BANKNIFTY 
2025-08-16T18:17:11.120Z [WARN]: Technical analysis unavailable for SENSEX 
2025-08-16T18:17:11.121Z [WARN]: Technical analysis unavailable for NIFTY 
2025-08-16T18:17:16.298Z [WARN]: Technical analysis unavailable for NIFTY 
2025-08-16T18:17:16.299Z [WARN]: Technical analysis unavailable for SENSEX 
2025-08-16T18:17:16.299Z [WARN]: Technical analysis unavailable for BANKNIFTY 
2025-08-16T18:17:21.281Z [WARN]: Technical analysis unavailable for NIFTY 
2025-08-16T18:17:21.283Z [WARN]: Technical analysis unavailable for BANKNIFTY 
2025-08-16T18:17:21.283Z [WARN]: Technical analysis unavailable for SENSEX 
2025-08-16T18:17:26.309Z [WARN]: Technical analysis unavailable for SENSEX 
2025-08-16T18:17:26.310Z [WARN]: Technical analysis unavailable for NIFTY 
2025-08-16T18:17:26.311Z [WARN]: Technical analysis unavailable for BANKNIFTY 
2025-08-16T18:17:31.107Z [WARN]: Technical analysis unavailable for BANKNIFTY 
2025-08-16T18:17:31.108Z [WARN]: Technical analysis unavailable for NIFTY 
2025-08-16T18:17:31.108Z [WARN]: Technical analysis unavailable for SENSEX 
2025-08-16T18:17:36.109Z [WARN]: Technical analysis unavailable for BANKNIFTY 
2025-08-16T18:17:36.110Z [WARN]: Technical analysis unavailable for NIFTY 
2025-08-16T18:17:36.110Z [WARN]: Technical analysis unavailable for SENSEX 
2025-08-16T18:17:41.339Z [WARN]: Technical analysis unavailable for BANKNIFTY 
2025-08-16T18:17:41.339Z [WARN]: Technical analysis unavailable for NIFTY 
2025-08-16T18:17:41.340Z [WARN]: Technical analysis unavailable for SENSEX 
2025-08-16T18:17:46.125Z [WARN]: Technical analysis unavailable for BANKNIFTY 
2025-08-16T18:17:46.126Z [WARN]: Technical analysis unavailable for SENSEX 
2025-08-16T18:17:46.127Z [WARN]: Technical analysis unavailable for NIFTY 
2025-08-16T18:17:51.265Z [WARN]: Technical analysis unavailable for NIFTY 
2025-08-16T18:17:51.266Z [WARN]: Technical analysis unavailable for SENSEX 
2025-08-16T18:17:51.266Z [WARN]: Technical analysis unavailable for BANKNIFTY 
2025-08-16T18:17:56.255Z [WARN]: Technical analysis unavailable for SENSEX 
2025-08-16T18:17:56.256Z [WARN]: Technical analysis unavailable for BANKNIFTY 
2025-08-16T18:17:56.256Z [WARN]: Technical analysis unavailable for NIFTY 
2025-08-16T18:18:01.269Z [WARN]: Technical analysis unavailable for BANKNIFTY 
2025-08-16T18:18:01.270Z [WARN]: Technical analysis unavailable for SENSEX 
2025-08-16T18:18:01.271Z [WARN]: Technical analysis unavailable for NIFTY 
2025-08-16T18:18:06.237Z [WARN]: Technical analysis unavailable for NIFTY 
2025-08-16T18:18:06.238Z [WARN]: Technical analysis unavailable for SENSEX 
2025-08-16T18:18:06.238Z [WARN]: Technical analysis unavailable for BANKNIFTY 
2025-08-16T18:18:11.301Z [WARN]: Technical analysis unavailable for SENSEX 
2025-08-16T18:18:11.301Z [WARN]: Technical analysis unavailable for BANKNIFTY 
2025-08-16T18:18:11.302Z [WARN]: Technical analysis unavailable for NIFTY 
2025-08-16T18:18:16.225Z [WARN]: Technical analysis unavailable for SENSEX 
2025-08-16T18:18:16.225Z [WARN]: Technical analysis unavailable for NIFTY 
2025-08-16T18:18:16.226Z [WARN]: Technical analysis unavailable for BANKNIFTY 
2025-08-16T18:18:21.367Z [WARN]: Technical analysis unavailable for BANKNIFTY 
2025-08-16T18:18:21.368Z [WARN]: Technical analysis unavailable for NIFTY 
2025-08-16T18:18:21.369Z [WARN]: Technical analysis unavailable for SENSEX 
2025-08-16T18:18:26.399Z [WARN]: Technical analysis unavailable for BANKNIFTY 
2025-08-16T18:18:26.399Z [WARN]: Technical analysis unavailable for NIFTY 
2025-08-16T18:18:26.400Z [WARN]: Technical analysis unavailable for SENSEX 
2025-08-16T18:18:31.288Z [WARN]: Technical analysis unavailable for SENSEX 
2025-08-16T18:18:31.289Z [WARN]: Technical analysis unavailable for BANKNIFTY 
2025-08-16T18:18:31.290Z [WARN]: Technical analysis unavailable for NIFTY 
2025-08-16T18:18:36.311Z [WARN]: Technical analysis unavailable for SENSEX 
2025-08-16T18:18:36.312Z [WARN]: Technical analysis unavailable for NIFTY 
2025-08-16T18:18:36.312Z [WARN]: Technical analysis unavailable for BANKNIFTY 
2025-08-16T18:18:41.235Z [WARN]: Technical analysis unavailable for SENSEX 
2025-08-16T18:18:41.236Z [WARN]: Technical analysis unavailable for BANKNIFTY 
2025-08-16T18:18:41.236Z [WARN]: Technical analysis unavailable for NIFTY 
2025-08-16T18:18:46.426Z [WARN]: Technical analysis unavailable for SENSEX 
2025-08-16T18:18:46.427Z [WARN]: Technical analysis unavailable for NIFTY 
2025-08-16T18:18:46.427Z [WARN]: Technical analysis unavailable for BANKNIFTY 
2025-08-16T18:18:51.215Z [WARN]: Technical analysis unavailable for NIFTY 
2025-08-16T18:18:51.216Z [WARN]: Technical analysis unavailable for SENSEX 
2025-08-16T18:18:51.216Z [WARN]: Technical analysis unavailable for BANKNIFTY 
2025-08-16T18:18:56.379Z [WARN]: Technical analysis unavailable for BANKNIFTY 
2025-08-16T18:18:56.380Z [WARN]: Technical analysis unavailable for NIFTY 
2025-08-16T18:18:56.380Z [WARN]: Technical analysis unavailable for SENSEX 
2025-08-16T18:19:01.301Z [WARN]: Technical analysis unavailable for BANKNIFTY 
2025-08-16T18:19:01.302Z [WARN]: Technical analysis unavailable for NIFTY 
2025-08-16T18:19:01.302Z [WARN]: Technical analysis unavailable for SENSEX 
2025-08-16T18:19:06.268Z [WARN]: Technical analysis unavailable for NIFTY 
2025-08-16T18:19:06.269Z [WARN]: Technical analysis unavailable for BANKNIFTY 
2025-08-16T18:19:06.270Z [WARN]: Technical analysis unavailable for SENSEX 
2025-08-16T18:19:11.410Z [WARN]: Technical analysis unavailable for SENSEX 
2025-08-16T18:19:11.411Z [WARN]: Technical analysis unavailable for BANKNIFTY 
2025-08-16T18:19:11.412Z [WARN]: Technical analysis unavailable for NIFTY 
2025-08-16T18:19:15.229Z [WARN]: Technical analysis unavailable for NIFTY 
2025-08-16T18:19:15.229Z [WARN]: Technical analysis unavailable for SENSEX 
2025-08-16T18:19:15.230Z [WARN]: Technical analysis unavailable for BANKNIFTY 
2025-08-16T18:19:20.275Z [WARN]: Technical analysis unavailable for SENSEX 
2025-08-16T18:19:20.275Z [WARN]: Technical analysis unavailable for BANKNIFTY 
2025-08-16T18:19:20.276Z [WARN]: Technical analysis unavailable for NIFTY 
2025-08-16T18:19:25.437Z [WARN]: Technical analysis unavailable for NIFTY 
2025-08-16T18:19:25.437Z [WARN]: Technical analysis unavailable for BANKNIFTY 
2025-08-16T18:19:25.438Z [WARN]: Technical analysis unavailable for SENSEX 
2025-08-16T18:19:30.297Z [WARN]: Technical analysis unavailable for BANKNIFTY 
2025-08-16T18:19:30.298Z [WARN]: Technical analysis unavailable for SENSEX 
2025-08-16T18:19:30.298Z [WARN]: Technical analysis unavailable for NIFTY 
